<?xml version="1.0" encoding="UTF-8"?>
<!-- Generated by org.testng.reporters.JUnitReportReporter -->
<testsuite hostname="GSSC" failures="0" tests="2" name="Met2" time="0.021" errors="0" timestamp="2024-02-22T17:09:13 IST" skipped="0">
  <testcase classname="Met2" name="data1" time="0.006"/>
  <system-out/>
  <testcase classname="Met2" name="data" time="0.015"/>
  <system-out/>
</testsuite> <!-- Met2 -->
