<?xml version="1.0" encoding="UTF-8"?>
<!-- Generated by org.testng.reporters.JUnitReportReporter -->
<testsuite hostname="GSSC" failures="0" tests="3" name="test.day2" time="0.004" errors="0" timestamp="2024-02-21T23:26:29 IST" skipped="0">
  <testcase classname="test.day2" name="dummy" time="0.002"/>
  <system-out/>
  <testcase classname="test.day2" name="dummy" time="0.001"/>
  <system-out/>
  <testcase classname="test.day2" name="dummy" time="0.001"/>
  <system-out/>
</testsuite> <!-- test.day2 -->
