<?xml version="1.0" encoding="UTF-8"?>
<!-- Generated by org.testng.reporters.JUnitReportReporter -->
<testsuite hostname="GSSC" failures="0" tests="2" name="test.day3" time="0.003" errors="0" timestamp="2024-02-21T23:26:29 IST" skipped="0">
  <testcase classname="test.day3" name="homeloannn" time="0.001"/>
  <system-out/>
  <testcase classname="test.day3" name="homeloandummy" time="0.002"/>
  <system-out/>
</testsuite> <!-- test.day3 -->
