<?xml version="1.0" encoding="UTF-8"?>
<!-- Generated by org.testng.reporters.JUnitReportReporter -->
<testsuite hostname="GSSC" failures="0" tests="3" name="test.day4" time="0.003" errors="0" timestamp="2024-02-21T16:30:24 IST" skipped="0">
  <testcase classname="test.day4" name="carloan" time="0.001"/>
  <system-out/>
  <testcase classname="test.day4" name="carloann" time="0.001"/>
  <system-out/>
  <testcase classname="test.day4" name="carloannn" time="0.001"/>
  <system-out/>
</testsuite> <!-- test.day4 -->
