<?xml version="1.0" encoding="UTF-8"?>
<!-- Generated by org.testng.reporters.JUnitReportReporter -->
<testsuite hostname="GSSC" failures="0" tests="1" name="seleniumfwpractise.Tests.ErrorValidation" time="7.539" errors="0" timestamp="2024-03-20T18:52:56 IST" skipped="0">
  <testcase classname="seleniumfwpractise.Tests.ErrorValidation" name="LoginErrorValidation" time="7.539"/>
</testsuite> <!-- seleniumfwpractise.Tests.ErrorValidation -->
